{"level":"error","message":"[500] POST  /accounts/auth/signup - 11ms","timestamp":"2026-01-17T12:18:23.439Z"}
{"level":"error","message":"[500] POST  /accounts/auth/login - 12ms","timestamp":"2026-01-17T12:23:04.160Z"}
{"level":"error","message":"[500] POST  /accounts/vendor/ - 63ms","timestamp":"2026-01-17T12:28:25.505Z"}
{"level":"error","message":"[500] POST  /accounts/vendor/ - 62ms","timestamp":"2026-01-17T12:38:02.300Z"}
{"level":"error","message":"[500] POST  /accounts/vendor/ - 6ms","timestamp":"2026-01-17T12:38:04.500Z"}
{"level":"error","message":"[500] POST  /accounts/vendor/ - 11ms","timestamp":"2026-01-17T12:38:59.432Z"}
{"level":"error","message":"[500] POST  /accounts/vendor/ - 6ms","timestamp":"2026-01-17T12:39:10.052Z"}
{"level":"error","message":"[500] POST  /accounts/vendor/ - 60ms","timestamp":"2026-01-17T12:52:40.244Z"}
{"level":"error","message":"[500] POST  /accounts/vendor/profile/ - 52ms","timestamp":"2026-01-17T12:54:23.463Z"}
{"level":"error","message":"[500] POST  /accounts/vendor/profile/ - 15ms","timestamp":"2026-01-17T12:58:45.784Z"}
{"level":"error","message":"[500] POST  /accounts/vendor/profile/ - 10ms","timestamp":"2026-01-17T12:58:53.375Z"}
{"level":"error","message":"[500] POST  /accounts/vendor/profile/ - 4ms","timestamp":"2026-01-17T12:59:06.478Z"}
{"level":"error","message":"[500] POST  /accounts/documents - 76ms","timestamp":"2026-01-17T13:05:22.558Z"}
{"level":"error","message":"[500] POST  /accounts/documents - 8ms","timestamp":"2026-01-17T13:05:40.110Z"}
{"level":"error","message":"[500] POST  /accounts/vendor/profile/ - 74ms","timestamp":"2026-01-17T13:51:03.774Z"}
{"level":"error","message":"[500] POST  /service_api/vendor/1/services/create - 88ms","timestamp":"2026-01-17T13:59:47.550Z"}
{"level":"error","message":"[500] POST  /service_api/vendor/1/services/create - 10ms","timestamp":"2026-01-17T14:00:46.284Z"}
{"level":"error","message":"[500] POST  /service_api/vendor/1/services/create - 45ms","timestamp":"2026-01-17T14:02:43.710Z"}
{"level":"error","message":"[500] POST  /service_api/vendor/1/services/create - 46ms","timestamp":"2026-01-17T14:04:47.492Z"}
{"level":"error","message":"[500] POST  /service_api/vendor/1/services/create - 8ms","timestamp":"2026-01-17T14:04:57.788Z"}
{"level":"error","message":"[500] POST  /accounts/vendor/profile/ - 67ms","timestamp":"2026-01-17T14:10:22.327Z"}
{"level":"error","message":"[500] POST  /accounts/vendor/profile/ - 17ms","timestamp":"2026-01-17T14:16:25.544Z"}
{"level":"error","message":"[500] POST  /accounts/vendor/profile/ - 56ms","timestamp":"2026-01-17T14:19:33.700Z"}
{"level":"error","message":"[500] POST  /accounts/vendor/profile/ - 10ms","timestamp":"2026-01-17T14:19:45.707Z"}
{"level":"error","message":"[500] POST  /accounts/vendor/profile/ - 67ms","timestamp":"2026-01-17T14:22:17.338Z"}
{"level":"error","message":"[500] POST  /accounts/vendor/profile/ - 43ms","timestamp":"2026-01-17T14:23:52.338Z"}
{"level":"error","message":"[500] POST  /accounts/vendor/profile/ - 76ms","timestamp":"2026-01-17T14:25:48.787Z"}
{"level":"error","message":"[500] POST  /accounts/vendor/profile/ - 45ms","timestamp":"2026-01-17T14:43:06.081Z"}
{"level":"error","message":"[500] POST  /accounts/vendor/profile/ - 37ms","timestamp":"2026-01-17T14:44:35.599Z"}
{"level":"error","message":"[500] POST  /accounts/vendor/ - 55ms","timestamp":"2026-01-17T14:49:07.608Z"}
{"level":"error","message":"[500] POST  /accounts/vendor - 79ms","timestamp":"2026-01-17T14:59:29.336Z"}
{"level":"error","message":"[500] POST  /accounts/documents - 113ms","timestamp":"2026-01-17T15:26:26.907Z"}
{"level":"error","message":"[500] POST  /accounts/documents/ - 78ms","timestamp":"2026-01-17T15:27:40.568Z"}
{"level":"error","message":"[500] POST  /accounts/documents - 63ms","timestamp":"2026-01-17T15:28:23.059Z"}
{"level":"error","message":"[500] POST  /accounts/documents - 54ms","timestamp":"2026-01-17T15:29:42.313Z"}
